

Microchip Technology PIC18 LITE Macro Assembler V1.43 build -156212558 
                                                                                               Thu Nov 23 17:11:55 2017

Microchip Technology Omniscient Code Generator v1.43 (Free mode) build 201707250354
     1                           	processor	18F4520
     2                           	fnconf	rparam,??,?,0
     3                           	opt	pw 120
     4                           	opt	lm
     5                           	psect	cinit,global,reloc=2,class=CODE,delta=1
     6                           	psect	bssCOMRAM,global,class=COMRAM,space=1,delta=1,noexec
     7                           	psect	cstackCOMRAM,global,class=COMRAM,space=1,delta=1,noexec
     8                           	psect	text0,global,reloc=2,class=CODE,delta=1
     9                           	psect	intcode,global,reloc=2,class=CODE,delta=1
    10                           	psect	intcode_body,global,reloc=2,class=CODE,delta=1
    11                           	psect	intsave_regs,global,class=BIGRAM,space=1,delta=1,noexec
    12                           	psect	rparam,global,class=COMRAM,space=1,delta=1,noexec
    13                           	psect	temp,global,ovrld,common,class=COMRAM,space=1,delta=1
    14  0000                     
    15                           ; Version 1.43
    16                           ; Generated 25/07/2017 GMT
    17                           ; 
    18                           ; Copyright © 2017, Microchip Technology Inc. and its subsidiaries ("Microchip")
    19                           ; All rights reserved.
    20                           ; 
    21                           ; This software is developed by Microchip Technology Inc. and its subsidiaries ("Microch
      +                          ip").
    22                           ; 
    23                           ; Redistribution and use in source and binary forms, with or without modification, are
    24                           ; permitted provided that the following conditions are met:
    25                           ; 
    26                           ;     1. Redistributions of source code must retain the above copyright notice, this lis
      +                          t of
    27                           ;        conditions and the following disclaimer.
    28                           ; 
    29                           ;     2. Redistributions in binary form must reproduce the above copyright notice, this 
      +                          list
    30                           ;        of conditions and the following disclaimer in the documentation and/or other
    31                           ;        materials provided with the distribution.
    32                           ; 
    33                           ;     3. Microchip's name may not be used to endorse or promote products derived from th
      +                          is
    34                           ;        software without specific prior written permission.
    35                           ; 
    36                           ; THIS SOFTWARE IS PROVIDED BY MICROCHIP "AS IS" AND ANY EXPRESS OR IMPLIED WARRANTIES,
    37                           ; INCLUDING, BUT NOT LIMITED TO, THE IMPLIED WARRANTIES OF MERCHANTABILITY AND FITNESS F
      +                          OR
    38                           ; PURPOSE ARE DISCLAIMED.  IN NO EVENT SHALL MICROCHIP BE LIABLE FOR ANY DIRECT, INDIREC
      +                          T,
    39                           ; INCIDENTAL, SPECIAL, EXEMPLARY, OR CONSEQUENTIAL DAMAGES (INCLUDING BUT NOT LIMITED TO
    40                           ; PROCUREMENT OF SUBSTITUTE GOODS OR SERVICES; LOSS OF USE, DATA OR PROFITS; OR BUSINESS
    41                           ; INTERRUPTION) HOWSOEVER CAUSED AND ON ANY THEORY OF LIABILITY, WHETHER IN CONTRACT, ST
      +                          RICT
    42                           ; LIABILITY, OR TORT (INCLUDING NEGLIGENCE OR OTHERWISE) ARISING IN ANY WAY OUT OF THE U
      +                          SE OF
    43                           ; THIS SOFTWARE, EVEN IF ADVISED OF THE POSSIBILITY OF SUCH DAMAGE.
    44                           ; 
    45                           ; 
    46                           ; Code-generator required, PIC18F4520 Definitions
    47                           ; 
    48                           ; SFR Addresses
    49  0000                     _TMR1	set	4046
    50  0000                     _LATDbits	set	3980
    51  0000                     _LATD	set	3980
    52  0000                     _TRISD	set	3989
    53  0000                     _INTCONbits	set	4082
    54  0000                     _PR2	set	4043
    55  0000                     _T2CON	set	4042
    56  0000                     _PIR1bits	set	3998
    57  0000                     _IPR1bits	set	3999
    58  0000                     _PIE1bits	set	3997
    59  0000                     _OSCCONbits	set	4051
    60  0000                     _T1CON	set	4045
    61  0000                     _RCONbits	set	4048
    62  0000                     _TMR2IF	set	31985
    63  0000                     _TMR2IE	set	31977
    64  0000                     _TMR1IF	set	31984
    65  0000                     _TMR1IE	set	31976
    66                           
    67                           ; #config settings
    68  0000                     
    69                           	psect	cinit
    70  0000F6                     __pcinit:
    71                           	opt stack 0
    72  0000F6                     start_initialization:
    73                           	opt stack 0
    74  0000F6                     __initialization:
    75                           	opt stack 0
    76                           
    77                           ; Clear objects allocated to COMRAM (2 bytes)
    78  0000F6  6A14               	clrf	(__pbssCOMRAM+1)& (0+255),c
    79  0000F8  6A13               	clrf	__pbssCOMRAM& (0+255),c
    80  0000FA                     end_of_initialization:
    81                           	opt stack 0
    82  0000FA                     __end_of__initialization:
    83                           	opt stack 0
    84  0000FA  9015               	bcf	int$flags,0,c	;clear compiler interrupt flag (level 1)
    85  0000FC  9215               	bcf	int$flags,1,c	;clear compiler interrupt flag (level 2)
    86  0000FE  0100               	movlb	0
    87  000100  EF62  F000         	goto	_main	;jump to C main() function
    88                           
    89                           	psect	bssCOMRAM
    90  000013                     __pbssCOMRAM:
    91                           	opt stack 0
    92  000013                     _count:
    93                           	opt stack 0
    94  000013                     	ds	2
    95                           
    96                           	psect	cstackCOMRAM
    97  000001                     __pcstackCOMRAM:
    98                           	opt stack 0
    99  000001                     ??_tc_int:
   100                           
   101                           ; 1 bytes @ 0x0
   102  000001                     	ds	18
   103  000013                     
   104                           ; 1 bytes @ 0x12
   105 ;;
   106 ;;Main: autosize = 0, tempsize = 0, incstack = 0, save=0
   107 ;;
   108 ;; *************** function _main *****************
   109 ;; Defined at:
   110 ;;		line 13 in file "main.c"
   111 ;; Parameters:    Size  Location     Type
   112 ;;		None
   113 ;; Auto vars:     Size  Location     Type
   114 ;;		None
   115 ;; Return value:  Size  Location     Type
   116 ;;                  1    wreg      void 
   117 ;; Registers used:
   118 ;;		wreg, status,2
   119 ;; Tracked objects:
   120 ;;		On entry : 0/0
   121 ;;		On exit  : 0/0
   122 ;;		Unchanged: 0/0
   123 ;; Data sizes:     COMRAM   BANK0   BANK1   BANK2   BANK3   BANK4   BANK5
   124 ;;      Params:         0       0       0       0       0       0       0
   125 ;;      Locals:         0       0       0       0       0       0       0
   126 ;;      Temps:          0       0       0       0       0       0       0
   127 ;;      Totals:         0       0       0       0       0       0       0
   128 ;;Total ram usage:        0 bytes
   129 ;; Hardware stack levels required when called:    1
   130 ;; This function calls:
   131 ;;		Nothing
   132 ;; This function is called by:
   133 ;;		Startup code after reset
   134 ;; This function uses a non-reentrant model
   135 ;;
   136                           
   137                           	psect	text0
   138  0000C4                     __ptext0:
   139                           	opt stack 0
   140  0000C4                     _main:
   141                           	opt stack 30
   142                           
   143                           ;main.c: 14: RCONbits.IPEN=0x01;
   144                           
   145                           ;incstack = 0
   146  0000C4  8ED0               	bsf	4048,7,c	;volatile
   147                           
   148                           ;main.c: 15: T1CON=0x95;
   149  0000C6  0E95               	movlw	149
   150  0000C8  6ECD               	movwf	4045,c	;volatile
   151                           
   152                           ;main.c: 16: OSCCONbits.IRCF2 = 0;
   153  0000CA  9CD3               	bcf	4051,6,c	;volatile
   154                           
   155                           ;main.c: 17: OSCCONbits.IRCF1 = 1;
   156  0000CC  8AD3               	bsf	4051,5,c	;volatile
   157                           
   158                           ;main.c: 18: PIE1bits.TMR1IE=1;
   159  0000CE  809D               	bsf	3997,0,c	;volatile
   160                           
   161                           ;main.c: 19: IPR1bits.TMR1IP=1;
   162  0000D0  809F               	bsf	3999,0,c	;volatile
   163                           
   164                           ;main.c: 20: PIR1bits.TMR1IF=0;
   165  0000D2  909E               	bcf	3998,0,c	;volatile
   166                           
   167                           ;main.c: 22: PIE1bits.TMR2IE=1;
   168  0000D4  829D               	bsf	3997,1,c	;volatile
   169                           
   170                           ;main.c: 23: IPR1bits.TMR2IP=1;
   171  0000D6  829F               	bsf	3999,1,c	;volatile
   172                           
   173                           ;main.c: 24: PIR1bits.TMR2IF=0;
   174  0000D8  929E               	bcf	3998,1,c	;volatile
   175                           
   176                           ;main.c: 25: TMR1 = 0xc2f6;
   177  0000DA  0EC2               	movlw	194
   178  0000DC  6ECF               	movwf	4047,c	;volatile
   179  0000DE  0EF6               	movlw	246
   180  0000E0  6ECE               	movwf	4046,c	;volatile
   181                           
   182                           ;main.c: 27: T2CON = 0b01111111;
   183  0000E2  0E7F               	movlw	127
   184  0000E4  6ECA               	movwf	4042,c	;volatile
   185                           
   186                           ;main.c: 28: PR2 = 244;
   187  0000E6  0EF4               	movlw	244
   188  0000E8  6ECB               	movwf	4043,c	;volatile
   189                           
   190                           ;main.c: 30: INTCONbits.GIE=1;
   191  0000EA  8EF2               	bsf	intcon,7,c	;volatile
   192                           
   193                           ;main.c: 32: TRISD = 0x00;
   194  0000EC  0E00               	movlw	0
   195  0000EE  6E95               	movwf	3989,c	;volatile
   196                           
   197                           ;main.c: 33: LATD = 0x00;
   198  0000F0  0E00               	movlw	0
   199  0000F2  6E8C               	movwf	3980,c	;volatile
   200  0000F4                     l41:
   201  0000F4  D7FF               	goto	l41
   202  0000F6                     __end_of_main:
   203                           	opt stack 0
   204                           intcon	equ	0xFF2
   205                           
   206 ;; *************** function _tc_int *****************
   207 ;; Defined at:
   208 ;;		line 39 in file "main.c"
   209 ;; Parameters:    Size  Location     Type
   210 ;;		None
   211 ;; Auto vars:     Size  Location     Type
   212 ;;		None
   213 ;; Return value:  Size  Location     Type
   214 ;;                  1    wreg      void 
   215 ;; Registers used:
   216 ;;		wreg, status,2, status,0
   217 ;; Tracked objects:
   218 ;;		On entry : 0/0
   219 ;;		On exit  : 0/0
   220 ;;		Unchanged: 0/0
   221 ;; Data sizes:     COMRAM   BANK0   BANK1   BANK2   BANK3   BANK4   BANK5
   222 ;;      Params:         0       0       0       0       0       0       0
   223 ;;      Locals:         0       0       0       0       0       0       0
   224 ;;      Temps:         18       0       0       0       0       0       0
   225 ;;      Totals:        18       0       0       0       0       0       0
   226 ;;Total ram usage:       18 bytes
   227 ;; Hardware stack levels used:    1
   228 ;; This function calls:
   229 ;;		Nothing
   230 ;; This function is called by:
   231 ;;		Interrupt level 2
   232 ;; This function uses a non-reentrant model
   233 ;;
   234                           
   235                           	psect	intcode
   236  000008                     __pintcode:
   237                           	opt stack 0
   238  000008                     _tc_int:
   239                           	opt stack 30
   240                           
   241                           ;incstack = 0
   242  000008  8215               	bsf	btemp,1,c	;set compiler interrupt flag (level 2)
   243  00000A  ED09  F000         	call	int_func,f	;refresh shadow registers
   244                           intcon	equ	0xFF2
   245                           
   246                           	psect	intcode_body
   247  000012                     __pintcode_body:
   248                           	opt stack 30
   249  000012                     int_func:
   250                           	opt stack 30
   251  000012  0006               	pop		; remove dummy address from shadow register refresh
   252  000014  CFFA F001          	movff	pclath,??_tc_int
   253  000018  CFFB F002          	movff	pclatu,??_tc_int+1
   254  00001C  CFE9 F003          	movff	fsr0l,??_tc_int+2
   255  000020  CFEA F004          	movff	fsr0h,??_tc_int+3
   256  000024  CFE1 F005          	movff	fsr1l,??_tc_int+4
   257  000028  CFE2 F006          	movff	fsr1h,??_tc_int+5
   258  00002C  CFD9 F007          	movff	fsr2l,??_tc_int+6
   259  000030  CFDA F008          	movff	fsr2h,??_tc_int+7
   260  000034  CFF3 F009          	movff	prodl,??_tc_int+8
   261  000038  CFF4 F00A          	movff	prodh,??_tc_int+9
   262  00003C  CFF6 F00B          	movff	tblptrl,??_tc_int+10
   263  000040  CFF7 F00C          	movff	tblptrh,??_tc_int+11
   264  000044  CFF8 F00D          	movff	tblptru,??_tc_int+12
   265  000048  CFF5 F00E          	movff	tablat,??_tc_int+13
   266  00004C  C015  F00F         	movff	btemp,??_tc_int+14
   267  000050  C016  F010         	movff	btemp+1,??_tc_int+15
   268  000054  C017  F011         	movff	btemp+2,??_tc_int+16
   269  000058  C018  F012         	movff	btemp+3,??_tc_int+17
   270                           
   271                           ;main.c: 48: if(TMR1IE && TMR1IF){
   272  00005C  B09D               	btfsc	3997,0,c	;volatile
   273  00005E  A09E               	btfss	3998,0,c	;volatile
   274  000060  D006               	goto	i2l49
   275                           
   276                           ;main.c: 49: TMR1 = 0xc2f6;
   277  000062  0EC2               	movlw	194
   278  000064  6ECF               	movwf	4047,c	;volatile
   279  000066  0EF6               	movlw	246
   280  000068  6ECE               	movwf	4046,c	;volatile
   281                           
   282                           ;main.c: 50: LATDbits.LD0 ^= 1;
   283  00006A  708C               	btg	3980,0,c	;volatile
   284                           
   285                           ;main.c: 51: TMR1IF=0;
   286  00006C  909E               	bcf	3998,0,c	;volatile
   287  00006E                     i2l49:
   288                           
   289                           ;main.c: 52: }
   290                           ;main.c: 53: if(TMR2IE && TMR2IF){
   291  00006E  B29D               	btfsc	3997,1,c	;volatile
   292  000070  A29E               	btfss	3998,1,c	;volatile
   293  000072  D002               	goto	i2l50
   294                           
   295                           ;main.c: 54: LATDbits.LD1 ^= 1;
   296  000074  728C               	btg	3980,1,c	;volatile
   297                           
   298                           ;main.c: 55: TMR2IF=0;
   299  000076  929E               	bcf	3998,1,c	;volatile
   300  000078                     i2l50:
   301  000078  C012  F018         	movff	??_tc_int+17,btemp+3
   302  00007C  C011  F017         	movff	??_tc_int+16,btemp+2
   303  000080  C010  F016         	movff	??_tc_int+15,btemp+1
   304  000084  C00F  F015         	movff	??_tc_int+14,btemp
   305  000088  C00E  FFF5         	movff	??_tc_int+13,tablat
   306  00008C  C00D  FFF8         	movff	??_tc_int+12,tblptru
   307  000090  C00C  FFF7         	movff	??_tc_int+11,tblptrh
   308  000094  C00B  FFF6         	movff	??_tc_int+10,tblptrl
   309  000098  C00A  FFF4         	movff	??_tc_int+9,prodh
   310  00009C  C009  FFF3         	movff	??_tc_int+8,prodl
   311  0000A0  C008  FFDA         	movff	??_tc_int+7,fsr2h
   312  0000A4  C007  FFD9         	movff	??_tc_int+6,fsr2l
   313  0000A8  C006  FFE2         	movff	??_tc_int+5,fsr1h
   314  0000AC  C005  FFE1         	movff	??_tc_int+4,fsr1l
   315  0000B0  C004  FFEA         	movff	??_tc_int+3,fsr0h
   316  0000B4  C003  FFE9         	movff	??_tc_int+2,fsr0l
   317  0000B8  C002  FFFB         	movff	??_tc_int+1,pclatu
   318  0000BC  C001  FFFA         	movff	??_tc_int,pclath
   319  0000C0  9215               	bcf	btemp,1,c	;clear compiler interrupt flag (level 2)
   320  0000C2  0011               	retfie		f
   321  0000C4                     __end_of_tc_int:
   322                           	opt stack 0
   323  0000                     pclatu	equ	0xFFB
   324                           pclath	equ	0xFFA
   325                           tblptru	equ	0xFF8
   326                           tblptrh	equ	0xFF7
   327                           tblptrl	equ	0xFF6
   328                           tablat	equ	0xFF5
   329                           prodh	equ	0xFF4
   330                           prodl	equ	0xFF3
   331                           intcon	equ	0xFF2
   332                           fsr0h	equ	0xFEA
   333                           fsr0l	equ	0xFE9
   334                           fsr1h	equ	0xFE2
   335                           fsr1l	equ	0xFE1
   336                           fsr2h	equ	0xFDA
   337                           fsr2l	equ	0xFD9
   338                           pclatu	equ	0xFFB
   339                           pclath	equ	0xFFA
   340                           tblptru	equ	0xFF8
   341                           tblptrh	equ	0xFF7
   342                           tblptrl	equ	0xFF6
   343                           tablat	equ	0xFF5
   344                           prodh	equ	0xFF4
   345                           prodl	equ	0xFF3
   346                           intcon	equ	0xFF2
   347                           fsr0h	equ	0xFEA
   348                           fsr0l	equ	0xFE9
   349                           fsr1h	equ	0xFE2
   350                           fsr1l	equ	0xFE1
   351                           fsr2h	equ	0xFDA
   352                           fsr2l	equ	0xFD9
   353                           
   354                           	psect	rparam
   355  0000                     pclatu	equ	0xFFB
   356                           pclath	equ	0xFFA
   357                           tblptru	equ	0xFF8
   358                           tblptrh	equ	0xFF7
   359                           tblptrl	equ	0xFF6
   360                           tablat	equ	0xFF5
   361                           prodh	equ	0xFF4
   362                           prodl	equ	0xFF3
   363                           intcon	equ	0xFF2
   364                           fsr0h	equ	0xFEA
   365                           fsr0l	equ	0xFE9
   366                           fsr1h	equ	0xFE2
   367                           fsr1l	equ	0xFE1
   368                           fsr2h	equ	0xFDA
   369                           fsr2l	equ	0xFD9
   370                           
   371                           	psect	temp
   372  000015                     btemp:
   373                           	opt stack 0
   374  000015                     	ds	1
   375  0000                     int$flags	set	btemp
   376  0000                     wtemp6	set	btemp+1
   377                           pclatu	equ	0xFFB
   378                           pclath	equ	0xFFA
   379                           tblptru	equ	0xFF8
   380                           tblptrh	equ	0xFF7
   381                           tblptrl	equ	0xFF6
   382                           tablat	equ	0xFF5
   383                           prodh	equ	0xFF4
   384                           prodl	equ	0xFF3
   385                           intcon	equ	0xFF2
   386                           fsr0h	equ	0xFEA
   387                           fsr0l	equ	0xFE9
   388                           fsr1h	equ	0xFE2
   389                           fsr1l	equ	0xFE1
   390                           fsr2h	equ	0xFDA
   391                           fsr2l	equ	0xFD9


Data Sizes:
    Strings     0
    Constant    0
    Data        0
    BSS         2
    Persistent  0
    Stack       0

Auto Spaces:
    Space          Size  Autos    Used
    COMRAM          126     18      20
    BANK0           128      0       0
    BANK1           256      0       0
    BANK2           256      0       0
    BANK3           256      0       0
    BANK4           256      0       0
    BANK5           256      0       0

Pointer List with Targets:

    None.

Critical Paths under _main in COMRAM

    None.

Critical Paths under _tc_int in COMRAM

    None.

Critical Paths under _main in BANK0

    None.

Critical Paths under _tc_int in BANK0

    None.

Critical Paths under _main in BANK1

    None.

Critical Paths under _tc_int in BANK1

    None.

Critical Paths under _main in BANK2

    None.

Critical Paths under _tc_int in BANK2

    None.

Critical Paths under _main in BANK3

    None.

Critical Paths under _tc_int in BANK3

    None.

Critical Paths under _main in BANK4

    None.

Critical Paths under _tc_int in BANK4

    None.

Critical Paths under _main in BANK5

    None.

Critical Paths under _tc_int in BANK5

    None.

Call Graph Tables:

 ---------------------------------------------------------------------------------
 (Depth) Function   	        Calls       Base Space   Used Autos Params    Refs
 ---------------------------------------------------------------------------------
 (0) _main                                                 0     0      0       0
 ---------------------------------------------------------------------------------
 Estimated maximum stack depth 0
 ---------------------------------------------------------------------------------
 (Depth) Function   	        Calls       Base Space   Used Autos Params    Refs
 ---------------------------------------------------------------------------------
 (1) _tc_int                                              18    18      0       0
                                              0 COMRAM    18    18      0
 ---------------------------------------------------------------------------------
 Estimated maximum stack depth 1
 ---------------------------------------------------------------------------------

 Call Graph Graphs:

 _main (ROOT)

 _tc_int (ROOT)

 Address spaces:
Name               Size   Autos  Total    Cost      Usage
BIGRAM             5FF      0       0      17        0.0%
EEDATA             100      0       0       0        0.0%
BITBANK5           100      0       0      16        0.0%
BANK5              100      0       0      14        0.0%
BITBANK4           100      0       0      12        0.0%
BANK4              100      0       0      13        0.0%
BITBANK3           100      0       0      10        0.0%
BANK3              100      0       0      11        0.0%
BITBANK2           100      0       0       8        0.0%
BANK2              100      0       0       9        0.0%
BITBANK1           100      0       0       6        0.0%
BANK1              100      0       0       7        0.0%
BITBANK0            80      0       0       4        0.0%
BANK0               80      0       0       5        0.0%
BITCOMRAM           7E      0       0       0        0.0%
COMRAM              7E     12      14       1       15.9%
BITSFR               0      0       0     200        0.0%
SFR                  0      0       0     200        0.0%
STACK                0      0       0       2        0.0%
NULL                 0      0       0       0        0.0%
ABS                  0      0      14      15        0.0%
DATA                 0      0      14       3        0.0%
CODE                 0      0       0       0        0.0%


Microchip Technology PIC18 Macro Assembler V1.43 build -156212558 
Symbol Table                                                                                   Thu Nov 23 17:11:55 2017

                     l41 00F4                      _PR2 000FCB             __CFG_LVP$OFF 000000  
           __CFG_WDT$OFF 000000                     _LATD 000F8C                     i2l50 0078  
                   i2l49 006E                     _TMR1 000FCE                     _main 00C4  
                   fsr0h 000FEA                     fsr1h 000FE2                     fsr2h 000FDA  
                   fsr0l 000FE9                     fsr1l 000FE1                     fsr2l 000FD9  
                   btemp 0015                     prodh 000FF4                     prodl 000FF3  
                   start 000E            __CFG_MCLRE$ON 000000             ___param_bank 000000  
                  ?_main 0001                    _T1CON 000FCD                    _T2CON 000FCA  
                  _TRISD 000F95                    _count 0013                    pclath 000FFA  
                  tablat 000FF5                    wtemp6 0016          __initialization 00F6  
           __end_of_main 00F6                   ??_main 0013            __activetblptr 000000  
                 _TMR1IE 007CE8                   _TMR1IF 007CF0                   _TMR2IE 007CE9  
                 _TMR2IF 007CF1                   _tc_int 0008                   tblptrh 000FF7  
                 tblptrl 000FF6                   tblptru 000FF8               __accesstop 0080  
__end_of__initialization 00FA          __CFG_PBADEN$OFF 000000            ___rparam_used 000001  
         __pcstackCOMRAM 0001                  ?_tc_int 0001                  __Hparam 0000  
                __Lparam 0000                  __pcinit 00F6                  __ramtop 0600  
        __size_of_tc_int 00BC                  __ptext0 00C4           __pintcode_body 0012  
   end_of_initialization 00FA                  int_func 0012           __end_of_tc_int 00C4  
    start_initialization 00F6         __CFG_OSC$INTIO67 000000                 ??_tc_int 0001  
            __pbssCOMRAM 0013                __pintcode 0008                 _LATDbits 000F8C  
               _IPR1bits 000F9F                 _PIE1bits 000F9D                 _PIR1bits 000F9E  
               _RCONbits 000FD0                 __Hrparam 0000                 __Lrparam 0000  
          __size_of_main 0032                 int$flags 0015               _INTCONbits 000FF2  
               intlevel2 0000               _OSCCONbits 000FD3  
